<?xml version="1.0" encoding="UTF-8"?>
<!-- Generated by org.testng.reporters.JUnitReportReporter -->
<testsuite skipped="0" hostname="Shlomi-Desktop" name="tests.MainRunner" tests="21" failures="1" timestamp="2019-12-09T18:58:21 IST" time="26.704" errors="0">
  <testcase name="upFooterOpenWebSite" time="0.543" classname="tests.MainRunner"/>
  <testcase name="upFooterOpenWebSite" time="0.389" classname="tests.MainRunner"/>
  <testcase name="upFooterXButton" time="5.761" classname="tests.MainRunner"/>
  <testcase name="upFooterHamburgerButton" time="0.116" classname="tests.MainRunner"/>
  <testcase name="upFooterClickOnB144Link" time="0.452" classname="tests.MainRunner"/>
  <testcase name="compareTextAtDropDownMenu" time="3.397" classname="tests.MainRunner"/>
  <testcase name="compareTextColorAtDropDownMenu" time="0.335" classname="tests.MainRunner">
    <failure type="java.lang.AssertionError" message="The second line at the DropDown menu is not Blue expected [#0279cd] but found [#333333]">
      <![CDATA[java.lang.AssertionError: The second line at the DropDown menu is not Blue expected [#0279cd] but found [#333333]
at org.testng.Assert.fail(Assert.java:97)
at org.testng.Assert.assertEqualsImpl(Assert.java:136)
at org.testng.Assert.assertEquals(Assert.java:118)
at org.testng.Assert.assertEquals(Assert.java:575)
at pages.B144MainPage.testColorOfButtons(B144MainPage.java:69)
at tests.MainRunner.compareTextColorAtDropDownMenu(MainRunner.java:36)
at sun.reflect.NativeMethodAccessorImpl.invoke0(Native Method)
at sun.reflect.NativeMethodAccessorImpl.invoke(NativeMethodAccessorImpl.java:62)
at sun.reflect.DelegatingMethodAccessorImpl.invoke(DelegatingMethodAccessorImpl.java:43)
at java.lang.reflect.Method.invoke(Method.java:498)
at org.testng.internal.MethodInvocationHelper.invokeMethod(MethodInvocationHelper.java:133)
at org.testng.internal.TestInvoker.invokeMethod(TestInvoker.java:584)
at org.testng.internal.TestInvoker.invokeTestMethod(TestInvoker.java:172)
at org.testng.internal.MethodRunner.runInSequence(MethodRunner.java:46)
at org.testng.internal.TestInvoker$MethodInvocationAgent.invoke(TestInvoker.java:804)
at org.testng.internal.TestInvoker.invokeTestMethods(TestInvoker.java:145)
at org.testng.internal.TestMethodWorker.invokeTestMethods(TestMethodWorker.java:146)
at org.testng.internal.TestMethodWorker.run(TestMethodWorker.java:128)
at java.util.ArrayList.forEach(ArrayList.java:1257)
at org.testng.TestRunner.privateRun(TestRunner.java:770)
at org.testng.TestRunner.run(TestRunner.java:591)
at org.testng.SuiteRunner.runTest(SuiteRunner.java:402)
at org.testng.SuiteRunner.runSequentially(SuiteRunner.java:396)
at org.testng.SuiteRunner.privateRun(SuiteRunner.java:355)
at org.testng.SuiteRunner.run(SuiteRunner.java:304)
at org.testng.SuiteRunnerWorker.runSuite(SuiteRunnerWorker.java:53)
at org.testng.SuiteRunnerWorker.run(SuiteRunnerWorker.java:96)
at org.testng.TestNG.runSuitesSequentially(TestNG.java:1180)
at org.testng.TestNG.runSuitesLocally(TestNG.java:1102)
at org.testng.TestNG.runSuites(TestNG.java:1032)
at org.testng.TestNG.run(TestNG.java:1000)
at org.testng.remote.AbstractRemoteTestNG.run(AbstractRemoteTestNG.java:115)
at org.testng.remote.RemoteTestNG.initAndRun(RemoteTestNG.java:251)
at org.testng.remote.RemoteTestNG.main(RemoteTestNG.java:77)
]]>
    </failure>
  </testcase> <!-- compareTextColorAtDropDownMenu -->
  <testcase name="testLoginPagesforPrivateAndBusiness" time="2.614" classname="tests.MainRunner"/>
  <testcase name="testAccessabilityMenu" time="2.328" classname="tests.MainRunner"/>
  <testcase name="testBusinssTabIsDefaultSelected" time="4.706" classname="tests.MainRunner"/>
  <testcase name="testBusinssTabIcon" time="0.035" classname="tests.MainRunner"/>
  <testcase name="testBusinssTabTextColor" time="0.019" classname="tests.MainRunner"/>
  <testcase name="testBusinssTabColorWhenUnselected" time="0.093" classname="tests.MainRunner"/>
  <testcase name="testMapsHeaderTextTopRight" time="0.058" classname="tests.MainRunner"/>
  <testcase name="countCardsAtMapPage" time="0.116" classname="tests.MainRunner"/>
  <testcase name="testThatCardsHaveNumbers" time="0.282" classname="tests.MainRunner"/>
  <testcase name="testColorOfTicketNumber" time="0.022" classname="tests.MainRunner"/>
  <testcase name="testColorOfNumberAtTicketThatNotTheSameAsBackground" time="0.021" classname="tests.MainRunner"/>
  <testcase name="testClickOnNumberLeadToBusinessPage" time="3.926" classname="tests.MainRunner"/>
  <testcase name="testThatEachCardHasTitle" time="1.345" classname="tests.MainRunner"/>
  <testcase name="testThatEachCardTitleIsWhite" time="0.146" classname="tests.MainRunner"/>
</testsuite> <!-- tests.MainRunner -->
