<?xml version="1.0" encoding="UTF-8"?>
<!-- Generated by org.testng.reporters.JUnitReportReporter -->
<testsuite hostname="Shlomi-Desktop" failures="0" tests="4" name="tests.MainRunner" time="19.139" errors="0" timestamp="2021-03-09T18:43:18 IST" skipped="0">
  <testcase classname="tests.MainRunner" name="upFooterOpenWebSite" time="2.868"/>
  <system-out/>
  <testcase classname="tests.MainRunner" name="testHamburgerMenuAtZipPage" time="12.891"/>
  <system-out/>
  <testcase classname="tests.MainRunner" name="testSearchAtZipPage" time="0.336"/>
  <system-out/>
  <testcase classname="tests.MainRunner" name="testSearchOfBusiness" time="3.044"/>
  <system-out/>
</testsuite> <!-- tests.MainRunner -->
