<?xml version="1.0" encoding="UTF-8"?>
<!-- Generated by org.testng.reporters.JUnitReportReporter -->
<testsuite hostname="Shlomi-Desktop" failures="0" tests="3" name="tests.MainRunner" time="19.062" errors="0" timestamp="2020-07-23T00:36:46 IDT" skipped="0">
  <testcase classname="tests.MainRunner" name="upFooterOpenWebSite" time="3.923"/>
  <system-out/>
  <testcase classname="tests.MainRunner" name="testHamburgerMenuAtZipPage" time="14.764"/>
  <system-out/>
  <testcase classname="tests.MainRunner" name="testSearchAtZipPage" time="0.375"/>
  <system-out/>
</testsuite> <!-- tests.MainRunner -->
